PyTorch version: 2.4.1+cu121
cpp_extension available: True
CUDA available: True
Seed set to 42
GPU available: True (cuda), used: True
TPU available: False, using: 0 TPU cores
HPU available: False, using: 0 HPUs
You are using a CUDA device ('NVIDIA H100 NVL') that has Tensor Cores. To properly utilize them, you should set `torch.set_float32_matmul_precision('medium' | 'high')` which will trade-off precision for performance. For more details, read https://pytorch.org/docs/stable/generated/torch.set_float32_matmul_precision.html#torch.set_float32_matmul_precision
[rank: 0] Seed set to 42
Initializing distributed: GLOBAL_RANK: 0, MEMBER: 1/2
PyTorch version: 2.4.1+cu121
cpp_extension available: True
CUDA available: True
[rank: 1] Seed set to 42
[rank: 1] Seed set to 42
Initializing distributed: GLOBAL_RANK: 1, MEMBER: 2/2
----------------------------------------------------------------------------------------------------
distributed_backend=nccl
All distributed processes registered. Starting with 2 processes
----------------------------------------------------------------------------------------------------

LOCAL_RANK: 1 - CUDA_VISIBLE_DEVICES: [0,1,2]
LOCAL_RANK: 0 - CUDA_VISIBLE_DEVICES: [0,1,2]

  | Name          | Type                | Params | Mode 
--------------------------------------------------------------
0 | generator     | NCSNpp              | 39.7 M | train
1 | discriminator | Discriminator_large | 7.2 M  | train
2 | diffusion     | DiffusionBridge     | 0      | train
--------------------------------------------------------------
46.9 M    Trainable params
0         Non-trainable params
46.9 M    Total params
187.775   Total estimated model params size (MB)
2.4.1+cu121
_CudaDeviceProperties(name='NVIDIA H100 NVL', major=9, minor=0, total_memory=95346MB, multi_processor_count=132)
tensor([-0.0411], device='cuda:0')
2.4.1+cu121
_CudaDeviceProperties(name='NVIDIA H100 NVL', major=9, minor=0, total_memory=95346MB, multi_processor_count=132)
tensor([-1.2019], device='cuda:0')
`Trainer.fit` stopped: `max_epochs=50` reached.
